<?xml version="1.0" encoding="UTF-8"?>
<!-- Generated by org.testng.reporters.JUnitReportReporter -->
<testsuite hostname="DESKTOP-7TVELGM" failures="0" tests="4" name="tests.MakeMyTripBusTests" time="101.781" errors="0" timestamp="2025-06-05T17:41:58 IST" skipped="0">
  <testcase classname="tests.MakeMyTripBusTests" name="makeMyTripBusBookingFlow" time="33.388"/>
  <testcase classname="tests.MakeMyTripBusTests" name="makeMyTripBusBookingFlow" time="24.608"/>
  <testcase classname="tests.MakeMyTripBusTests" name="makeMyTripBusBookingFlow" time="20.472"/>
  <testcase classname="tests.MakeMyTripBusTests" name="makeMyTripBusBookingFlow" time="23.313"/>
</testsuite> <!-- tests.MakeMyTripBusTests -->
