<?xml version="1.0" encoding="UTF-8"?>
<!-- Generated by org.testng.reporters.JUnitReportReporter -->
<testsuite hostname="DESKTOP-7TVELGM" failures="0" tests="1" name="tests.TestRunner" time="18.375" errors="0" timestamp="2025-06-01T08:33:34 IST" skipped="0">
  <testcase classname="tests.TestRunner" name="selectTheCity" time="18.375"/>
</testsuite> <!-- tests.TestRunner -->
