<?xml version="1.0" encoding="UTF-8"?>
<!-- Generated by org.testng.reporters.JUnitReportReporter -->
<testsuite hostname="DESKTOP-7TVELGM" failures="0" tests="4" name="tests.MakeMyTripBusTests" time="118.722" errors="0" timestamp="2025-06-19T12:07:45 IST" skipped="0">
  <testcase classname="tests.MakeMyTripBusTests" name="makeMyTripBusBookingFlow" time="25.650"/>
  <testcase classname="tests.MakeMyTripBusTests" name="makeMyTripBusBookingFlow" time="34.365"/>
  <testcase classname="tests.MakeMyTripBusTests" name="makeMyTripBusBookingFlow" time="26.062"/>
  <testcase classname="tests.MakeMyTripBusTests" name="makeMyTripBusBookingFlow" time="32.645"/>
</testsuite> <!-- tests.MakeMyTripBusTests -->
