<?xml version="1.0" encoding="UTF-8"?>
<!-- Generated by org.testng.reporters.JUnitReportReporter -->
<testsuite hostname="DESKTOP-7TVELGM" failures="0" tests="4" name="tests.MakeMyTripBusTests" time="102.356" errors="0" timestamp="2025-06-03T15:49:32 IST" skipped="0">
  <testcase classname="tests.MakeMyTripBusTests" name="makeMyTripBusBookingFlow" time="18.860"/>
  <testcase classname="tests.MakeMyTripBusTests" name="makeMyTripBusBookingFlow" time="33.827"/>
  <testcase classname="tests.MakeMyTripBusTests" name="makeMyTripBusBookingFlow" time="21.447"/>
  <testcase classname="tests.MakeMyTripBusTests" name="makeMyTripBusBookingFlow" time="28.222"/>
</testsuite> <!-- tests.MakeMyTripBusTests -->
