<?xml version="1.0" encoding="UTF-8"?>
<!-- Generated by org.testng.reporters.JUnitReportReporter -->
<testsuite hostname="DESKTOP-7TVELGM" failures="0" tests="4" name="tests.MakeMyTripBusTests" time="102.291" errors="0" timestamp="2025-06-05T18:35:14 IST" skipped="0">
  <testcase classname="tests.MakeMyTripBusTests" name="makeMyTripBusBookingFlow" time="26.340"/>
  <testcase classname="tests.MakeMyTripBusTests" name="makeMyTripBusBookingFlow" time="32.347"/>
  <testcase classname="tests.MakeMyTripBusTests" name="makeMyTripBusBookingFlow" time="23.061"/>
  <testcase classname="tests.MakeMyTripBusTests" name="makeMyTripBusBookingFlow" time="20.543"/>
</testsuite> <!-- tests.MakeMyTripBusTests -->
